\BOOKMARK [1][-]{section.0.1}{Avant-Propos}{}% 1
\BOOKMARK [1][-]{section.0.2}{Introduction}{}% 2
\BOOKMARK [2][-]{subsection.0.2.1}{Pourquoi programmer en symbolique }{section.0.2}% 3
\BOOKMARK [0][-]{chapter.1}{Calcul formel}{}% 4
\BOOKMARK [1][-]{section.1.1}{Syst\350me de calcul formel}{chapter.1}% 5
\BOOKMARK [1][-]{section.1.2}{Biblioth\350que SymPy}{chapter.1}% 6
\BOOKMARK [2][-]{subsection.1.2.1}{SymPyGamma}{section.1.2}% 7
\BOOKMARK [2][-]{subsection.1.2.2}{Besoin de rester dans le symbolique}{section.1.2}% 8
\BOOKMARK [2][-]{subsection.1.2.3}{Passage du symbolique au num\351rique}{section.1.2}% 9
\BOOKMARK [2][-]{subsection.1.2.4}{Faire des dessins}{section.1.2}% 10
\BOOKMARK [0][-]{chapter.2}{Ensemble}{}% 11
\BOOKMARK [1][-]{section.2.1}{Ensemble}{chapter.2}% 12
\BOOKMARK [2][-]{subsection.2.1.1}{Ensembles}{section.2.1}% 13
\BOOKMARK [0][-]{chapter.3}{Convex Sets}{}% 14
\BOOKMARK [1][-]{section.3.1}{Convexity}{chapter.3}% 15
\BOOKMARK [2][-]{subsection.3.1.1}{Cone}{section.3.1}% 16
\BOOKMARK [1][-]{section.3.2}{Convex Functions}{chapter.3}% 17
\BOOKMARK [2][-]{subsection.3.2.1}{Epigraph}{section.3.2}% 18
\BOOKMARK [1][-]{section.3.3}{Support Function}{chapter.3}% 19
\BOOKMARK [1][-]{section.3.4}{Operations Preserve Convexity of Functions}{chapter.3}% 20
\BOOKMARK [0][-]{chapter.4}{Nonlinear Problem}{}% 21
\BOOKMARK [1][-]{section.4.1}{\311quation diff\351rentielle}{chapter.4}% 22
\BOOKMARK [1][-]{section.4.2}{Chaos}{chapter.4}% 23
\BOOKMARK [2][-]{subsection.4.2.1}{Pendule simple}{section.4.2}% 24
\BOOKMARK [2][-]{subsection.4.2.2}{Pendule \340 deux bras}{section.4.2}% 25
\BOOKMARK [2][-]{subsection.4.2.3}{Mouvements d\220un robot}{section.4.2}% 26
\BOOKMARK [1][-]{section.4.3}{Solution non lin\351aire d'\351quation alg\351brique}{chapter.4}% 27
\BOOKMARK [1][-]{section.4.4}{Transport optimal}{chapter.4}% 28
\BOOKMARK [1][-]{section.4.5}{Le calcul des variations}{chapter.4}% 29
\BOOKMARK [1][-]{section.4.6}{Figure}{chapter.4}% 30
\BOOKMARK [0][-]{chapter.5}{Outils avanc\351e}{}% 31
\BOOKMARK [1][-]{section.5.1}{Programmation Orient\351e Objet}{chapter.5}% 32
\BOOKMARK [1][-]{section.5.2}{D\351corateurs}{chapter.5}% 33
\BOOKMARK [2][-]{subsection.5.2.1}{Optimisation du code}{section.5.2}% 34
\BOOKMARK [2][-]{subsection.5.2.2}{Theano}{section.5.2}% 35
\BOOKMARK [1][-]{section.5.3}{Interface graphique}{chapter.5}% 36
