\BOOKMARK [1][-]{section.0.1}{Avant-Propos}{}% 1
\BOOKMARK [1][-]{section.0.2}{Calcul formel}{}% 2
\BOOKMARK [2][-]{subsection.0.2.1}{Pourquoi utiliser la programmation symbolique }{section.0.2}% 3
\BOOKMARK [2][-]{subsection.0.2.2}{Calcul formel}{section.0.2}% 4
\BOOKMARK [2][-]{subsection.0.2.3}{Un peu de th\351orie}{section.0.2}% 5
\BOOKMARK [2][-]{subsection.0.2.4}{Logiciel de syst\350me de calcul formel}{section.0.2}% 6
\BOOKMARK [2][-]{subsection.0.2.5}{Quelques logiciels de calcul formel}{section.0.2}% 7
\BOOKMARK [2][-]{subsection.0.2.6}{Pourquoi choisir SymPy?}{section.0.2}% 8
\BOOKMARK [0][-]{chapter.1}{Premier pas vers SymPy}{}% 9
\BOOKMARK [1][-]{section.1.1}{La biblioth\350que SymPy}{chapter.1}% 10
\BOOKMARK [2][-]{subsection.1.1.1}{Le cas de la biblioth\350que SymPy}{section.1.1}% 11
\BOOKMARK [2][-]{subsection.1.1.2}{Travaillez avec SymPy}{section.1.1}% 12
\BOOKMARK [1][-]{section.1.2}{SymPy comme calculatrice}{chapter.1}% 13
\BOOKMARK [2][-]{subsection.1.2.1}{Premier calculs}{section.1.2}% 14
\BOOKMARK [2][-]{subsection.1.2.2}{Structure de donn\351es dans SymPy}{section.1.2}% 15
\BOOKMARK [2][-]{subsection.1.2.3}{Variable et affection}{section.1.2}% 16
\BOOKMARK [2][-]{subsection.1.2.4}{Contr\364le du flux d\220instructions}{section.1.2}% 17
\BOOKMARK [1][-]{section.1.3}{Les Fonctions}{chapter.1}% 18
\BOOKMARK [0][-]{chapter.2}{Alg\350bre et calcul formel}{}% 19
\BOOKMARK [1][-]{subsection.2.0.1}{Ensembles}{chapter.2}% 20
\BOOKMARK [2][-]{subsection.2.0.2}{Logique}{subsection.2.0.1}% 21
\BOOKMARK [2][-]{subsection.2.0.3}{Ensembles}{subsection.2.0.1}% 22
\BOOKMARK [2][-]{subsection.2.0.4}{Polyn\364mes}{subsection.2.0.1}% 23
\BOOKMARK [2][-]{subsection.2.0.5}{Nombres parfaits et nombres chanceux}{subsection.2.0.1}% 24
\BOOKMARK [1][-]{section.2.1}{Examples}{chapter.2}% 25
\BOOKMARK [2][-]{subsection.2.1.1}{Equation and Text}{section.2.1}% 26
\BOOKMARK [1][-]{section.2.2}{Programmation Orient\351e Objet}{chapter.2}% 27
\BOOKMARK [2][-]{subsection.2.2.1}{POO}{section.2.2}% 28
